proguard/seeds.txt
com.lenovo.sdimobileclient.LenovoServicesApplication
com.lenovo.sdimobileclient.LenovoServicesApplication: LenovoServicesApplication()
com.lenovo.sdimobileclient.R$anim: int in_from_right
com.lenovo.sdimobileclient.R$anim: int in_to_left
com.lenovo.sdimobileclient.R$anim: int out_from_right
com.lenovo.sdimobileclient.R$anim: int out_to_left
com.lenovo.sdimobileclient.R$anim: int popup_enter
com.lenovo.sdimobileclient.R$anim: int popup_exit
com.lenovo.sdimobileclient.R$anim: int rotate_down
com.lenovo.sdimobileclient.R$anim: int rotate_up
com.lenovo.sdimobileclient.R$anim: int slide_in
com.lenovo.sdimobileclient.R$anim: int slide_out
com.lenovo.sdimobileclient.R$array: int picture_setting
com.lenovo.sdimobileclient.R$array: int reasion
com.lenovo.sdimobileclient.R$array: int replace_setting
com.lenovo.sdimobileclient.R$array: int tip_mode
com.lenovo.sdimobileclient.R$array: int tip_times
com.lenovo.sdimobileclient.R$attr: int actionViewId
com.lenovo.sdimobileclient.R$attr: int calendarViewStyle
com.lenovo.sdimobileclient.R$attr: int centered
com.lenovo.sdimobileclient.R$attr: int clipPadding
com.lenovo.sdimobileclient.R$attr: int cv_dateTextAppearance
com.lenovo.sdimobileclient.R$attr: int cv_dividerHorizontal
com.lenovo.sdimobileclient.R$attr: int cv_firstDayOfWeek
com.lenovo.sdimobileclient.R$attr: int cv_focusedMonthDateColor
com.lenovo.sdimobileclient.R$attr: int cv_maxDate
com.lenovo.sdimobileclient.R$attr: int cv_minDate
com.lenovo.sdimobileclient.R$attr: int cv_selectedDateVerticalBar
com.lenovo.sdimobileclient.R$attr: int cv_selectedWeekBackgroundColor
com.lenovo.sdimobileclient.R$attr: int cv_showWeekNumber
com.lenovo.sdimobileclient.R$attr: int cv_shownWeekCount
com.lenovo.sdimobileclient.R$attr: int cv_unfocusedMonthDateColor
com.lenovo.sdimobileclient.R$attr: int cv_weekDayTextAppearance
com.lenovo.sdimobileclient.R$attr: int cv_weekNumberColor
com.lenovo.sdimobileclient.R$attr: int cv_weekSeparatorLineColor
com.lenovo.sdimobileclient.R$attr: int datePickerStyle
com.lenovo.sdimobileclient.R$attr: int dp_calendarViewShown
com.lenovo.sdimobileclient.R$attr: int dp_endYear
com.lenovo.sdimobileclient.R$attr: int dp_internalLayout
com.lenovo.sdimobileclient.R$attr: int dp_maxDate
com.lenovo.sdimobileclient.R$attr: int dp_minDate
com.lenovo.sdimobileclient.R$attr: int dp_spinnersShown
com.lenovo.sdimobileclient.R$bool: int default_circle_indicator_centered
com.lenovo.sdimobileclient.R$bool: int default_circle_indicator_snap
com.lenovo.sdimobileclient.R$bool: int default_line_indicator_centered
com.lenovo.sdimobileclient.R$bool: int default_title_indicator_selected_bold
com.lenovo.sdimobileclient.R$bool: int default_underline_indicator_fades
...
okhttp3.internal.DiskLruCache$4
okhttp3.internal.DiskLruCache$4: DiskLruCache$4()
okhttp3.internal.DiskLruCache$4: void write(okio.Buffer,long)
okhttp3.internal.DiskLruCache$4: void flush()
okhttp3.internal.DiskLruCache$4: okio.Timeout timeout()
okhttp3.internal.DiskLruCache$4: void close()
okhttp3.internal.DiskLruCache$Editor
okhttp3.internal.DiskLruCache$Editor: okhttp3.internal.DiskLruCache$Entry entry
okhttp3.internal.DiskLruCache$Editor: boolean[] written
okhttp3.internal.DiskLruCache$Editor: boolean hasErrors
okhttp3.internal.DiskLruCache$Editor: boolean committed
okhttp3.internal.DiskLruCache$Editor: okhttp3.internal.DiskLruCache this$0
okhttp3.internal.DiskLruCache$Editor: DiskLruCache$Editor(okhttp3.internal.DiskLruCache,okhttp3.internal.DiskLruCache$Entry)
okhttp3.internal.DiskLruCache$Editor: okio.Source newSource(int)
okhttp3.internal.DiskLruCache$Editor: okio.Sink newSink(int)
okhttp3.internal.DiskLruCache$Editor: void commit()
okhttp3.internal.DiskLruCache$Editor: void abort()
okhttp3.internal.DiskLruCache$Editor: void abortUnlessCommitted()
okhttp3.internal.DiskLruCache$Editor: DiskLruCache$Editor(okhttp3.internal.DiskLruCache,okhttp3.internal.DiskLruCache$Entry,okhttp3.internal.DiskLruCache$1)
okhttp3.internal.DiskLruCache$Editor: okhttp3.internal.DiskLruCache$Entry access$1800(okhttp3.internal.DiskLruCache$Editor)
okhttp3.internal.DiskLruCache$Editor: boolean[] access$1900(okhttp3.internal.DiskLruCache$Editor)
okhttp3.internal.DiskLruCache$Editor: boolean access$2002(okhttp3.internal.DiskLruCache$Editor,boolean)
okhttp3.internal.DiskLruCache$Editor$1
okhttp3.internal.DiskLruCache$Editor$1: okhttp3.internal.DiskLruCache$Editor this$1
okhttp3.internal.DiskLruCache$Editor$1: DiskLruCache$Editor$1(okhttp3.internal.DiskLruCache$Editor,okio.Sink)
okhttp3.internal.DiskLruCache$Editor$1: void onException(java.io.IOException)
okhttp3.internal.DiskLruCache$Entry
okhttp3.internal.DiskLruCache$Entry: java.lang.String key
okhttp3.internal.DiskLruCache$Entry: long[] lengths
okhttp3.internal.DiskLruCache$Entry: java.io.File[] cleanFiles
okhttp3.internal.DiskLruCache$Entry: java.io.File[] dirtyFiles
okhttp3.internal.DiskLruCache$Entry: boolean readable
okhttp3.internal.DiskLruCache$Entry: okhttp3.internal.DiskLruCache$Editor currentEditor
okhttp3.internal.DiskLruCache$Entry: long sequenceNumber
okhttp3.internal.DiskLruCache$Entry: okhttp3.internal.DiskLruCache this$0
okhttp3.internal.DiskLruCache$Entry: DiskLruCache$Entry(okhttp3.internal.DiskLruCache,java.lang.String)
okhttp3.internal.DiskLruCache$Entry: void setLengths(java.lang.String[])
okhttp3.internal.DiskLruCache$Entry: void writeLengths(okio.BufferedSink)
okhttp3.internal.DiskLruCache$Entry: java.io.IOException invalidLengths(java.lang.String[])
okhttp3.internal.DiskLruCache$Entry: okhttp3.internal.DiskLruCache$Snapshot snapshot()
okhttp3.internal.DiskLruCache$Entry: DiskLruCache$Entry(okhttp3.internal.DiskLruCache,java.lang.String,okhttp3.internal.DiskLruCache$1)
okhttp3.internal.DiskLruCache$Entry: boolean access$902(okhttp3.internal.DiskLruCache$Entry,boolean)
okhttp3.internal.DiskLruCache$Entry: okhttp3.internal.DiskLruCache$Editor access$1002(okhttp3.internal.DiskLruCache$Entry,okhttp3.internal.DiskLruCache$Editor)
okhttp3.internal.DiskLruCache$Entry: void access$1100(okhttp3.internal.DiskLruCache$Entry,java.lang.String[])