proguard/mapping.txt
com.lenovo.sdimobileclient.LenovoServicesApplication -> com.lenovo.sdimobileclient.LenovoServicesApplication:
    java.util.List mActivities -> a
    android.content.Context mContext -> b
    java.util.List mAlarmPendingList -> c
    java.lang.String mLocation -> d
    java.lang.String mAddrStr -> e
    com.baidu.location.BDLocation mCoordinate -> f
    java.lang.String mCity -> g
    android.content.ServiceConnection mConnection -> h
    void onCreate() -> onCreate
    void setLocation(java.lang.String) -> a
    void setCoordinate(com.baidu.location.BDLocation) -> a
    void setCity(java.lang.String) -> b
    java.lang.String getCity() -> a
    void setAddrstr(java.lang.String) -> c
    java.lang.String getLocation() -> b
    com.baidu.location.BDLocation getCoordinate() -> c
    java.lang.String getAddrStr() -> d
    void initTip() -> h
    java.util.List getAlarmPendingIntent() -> e
    java.util.List getActivities() -> f
    void startService() -> g
    void initEngineManager(android.content.Context) -> a
com.lenovo.sdimobileclient.LenovoServicesApplication$1 -> com.lenovo.sdimobileclient.a:
    com.lenovo.sdimobileclient.LenovoServicesApplication this$0 -> a
    void onServiceDisconnected(android.content.ComponentName) -> onServiceDisconnected
    void onServiceConnected(android.content.ComponentName,android.os.IBinder) -> onServiceConnected
com.lenovo.sdimobileclient.R -> com.lenovo.sdimobileclient.b:
com.lenovo.sdimobileclient.R$styleable -> com.lenovo.sdimobileclient.c:
    int[] CalendarView -> CalendarView
    int CalendarView_cv_dateTextAppearance -> CalendarView_cv_dateTextAppearance
    int CalendarView_cv_dividerHorizontal -> CalendarView_cv_dividerHorizontal
    int CalendarView_cv_firstDayOfWeek -> CalendarView_cv_firstDayOfWeek
    int CalendarView_cv_focusedMonthDateColor -> CalendarView_cv_focusedMonthDateColor
    int CalendarView_cv_maxDate -> CalendarView_cv_maxDate
    int CalendarView_cv_minDate -> CalendarView_cv_minDate
    int CalendarView_cv_selectedDateVerticalBar -> CalendarView_cv_selectedDateVerticalBar
    int CalendarView_cv_selectedWeekBackgroundColor -> CalendarView_cv_selectedWeekBackgroundColor
    int CalendarView_cv_showWeekNumber -> CalendarView_cv_showWeekNumber
    int CalendarView_cv_shownWeekCount -> CalendarView_cv_shownWeekCount
    int CalendarView_cv_unfocusedMonthDateColor -> CalendarView_cv_unfocusedMonthDateColor
    int CalendarView_cv_weekDayTextAppearance -> CalendarView_cv_weekDayTextAppearance
    int CalendarView_cv_weekNumberColor -> CalendarView_cv_weekNumberColor
    int CalendarView_cv_weekSeparatorLineColor -> CalendarView_cv_weekSeparatorLineColor
    int[] CirclePageIndicator -> CirclePageIndicator
    int CirclePageIndicator_android_background -> CirclePageIndicator_android_background
    int CirclePageIndicator_android_orientation -> CirclePageIndicator_android_orientation
com.lenovo.sdimobileclient.api.AbsApiData -> com.lenovo.sdimobileclient.a.a:
    java.util.HashMap mDatas -> a
    java.util.HashMap mArrays -> b
    org.json.JSONObject mJson -> c
    void parser(org.json.JSONObject) -> a
    boolean isValid() -> d
    java.util.HashMap getDatas() -> e
    java.util.HashMap getArrayDatas() -> f
    void typeWarning(java.lang.Object,java.lang.Class,java.lang.ClassCastException) -> a
    com.lenovo.sdimobileclient.api.AbsApiData getData(java.lang.Class) -> a
    java.util.ArrayList getArrayData(java.lang.Class) -> b
    org.json.JSONObject getJson() -> g
com.lenovo.sdimobileclient.api.Action -> com.lenovo.sdimobileclient.a.b:
    java.lang.String Code -> a
    java.lang.String Value -> b
com.lenovo.sdimobileclient.api.Apk -> com.lenovo.sdimobileclient.a.c:
    java.lang.String CurrentVersion -> a
    java.lang.String DownLoadUrl -> b
    java.lang.String ReleaseDate -> c
    java.lang.String VersionDescription -> d
...
com.baidu.location.b.o$a -> com.baidu.location.b.o$a:
    java.lang.String dk -> dk
    boolean dl -> dl
    com.baidu.location.b.o dj -> dj
    boolean ay() -> ay
    void au() -> au
    void int(boolean) -> int
    void goto(java.lang.String) -> goto
com.baidu.location.c.a -> com.baidu.location.c.a:
    com.baidu.location.c.d o -> o
    int case -> case
    double new -> new
    double int -> int
    java.lang.Long k -> k
    com.baidu.location.c.a$b void -> void
    com.baidu.location.c.a$b x -> x
    android.database.sqlite.SQLiteDatabase q -> q
    android.database.sqlite.SQLiteDatabase byte -> byte
    int i -> i
    int else -> else
    int p -> p
    int n -> n
    int d -> d
    int u -> u
    int char -> char
    int c -> c
    double w -> w
    double for -> for
    int j -> j
    java.lang.StringBuffer r -> r
    java.lang.StringBuffer goto -> goto
    java.util.HashSet t -> t
    java.util.concurrent.ConcurrentHashMap long -> long
    java.util.concurrent.ConcurrentHashMap do -> do
    int l -> l
    int v -> v
    int if -> if
    int try -> try
    java.lang.StringBuffer b -> b
    boolean m -> m
    int h -> h
    int g -> g
    int f -> f
    int e -> e
    int s -> s
    android.database.sqlite.SQLiteDatabase if() -> if
    void do() -> do
    com.baidu.location.BDLocation if(java.lang.Long) -> if
    com.baidu.location.BDLocation if(java.util.LinkedHashMap,com.baidu.location.BDLocation,int) -> if
    void if(java.lang.String,java.lang.Long,com.baidu.location.BDLocation) -> if
    void if(java.util.LinkedHashMap) -> if
    void if(com.baidu.location.BDLocation,com.baidu.location.BDLocation,com.baidu.location.BDLocation,java.lang.String,java.lang.Long) -> if
com.baidu.location.c.a$1 -> com.baidu.location.c.a$1:
    com.baidu.location.c.a a -> a
com.baidu.location.c.a$a -> com.baidu.location.c.a$a:
    java.lang.String new -> new
    java.lang.Long for -> for
    com.baidu.location.BDLocation byte -> byte
    com.baidu.location.BDLocation int -> int
    com.baidu.location.BDLocation do -> do
    java.lang.String if -> if
    java.util.LinkedHashMap try -> try
    com.baidu.location.c.a a -> a
    void run() -> run
com.baidu.location.c.a$b -> com.baidu.location.c.a$b:
    java.lang.String ds -> ds
    java.lang.String du -> du
    java.lang.String dn -> dn
    com.baidu.location.c.a dB -> dB
    int dm -> dm
    int dz -> dz
    java.lang.String dq -> dq
    java.lang.String dA -> dA
    java.lang.String dE -> dE
    java.lang.String dx -> dx
    boolean dC -> dC
    int dr -> dr
    long dD -> dD
    long dF -> dF
    long dp -> dp
    long dv -> dv
    int dw -> dw
    long dy -> dy
    long dt -> dt
    com.baidu.location.c.a dG -> dG
    void au() -> au
    void int(boolean) -> int
    void aH() -> aH
    void aC() -> aC
    boolean aD() -> aD
    void az() -> az
    java.lang.String aE() -> aE
    java.lang.String aG() -> aG
    java.lang.String aA() -> aA
    java.lang.String aB() -> aB
    boolean aF() -> aF
    void new(java.lang.String,java.lang.String,java.lang.String) -> new
    void if(com.baidu.location.c.a$b,java.lang.String,java.lang.String,java.lang.String) -> if
    boolean if(com.baidu.location.c.a$b,boolean) -> if
    long if(com.baidu.location.c.a$b,long) -> if
    com.baidu.location.c.a if(com.baidu.location.c.a$b) -> if
    void do(com.baidu.location.c.a$b) -> do
com.baidu.location.c.a$b$1 -> com.baidu.location.c.a$b$1:
    com.baidu.location.c.a$b a -> a
    void run() -> run
com.baidu.location.c.a$c -> com.baidu.location.c.a$c:
    double a -> a
    double do -> do
    double if -> if