proguard/usage.txt
com.lenovo.sdimobileclient.BuildConfig
com.lenovo.sdimobileclient.Constants
com.lenovo.sdimobileclient.LenovoServicesApplication:
    private com.foreveross.cache.CacheManager mCacheManager
    118:122:public void addAlarmPendingIntent(android.app.PendingIntent)
    144:145:public void stopService()
    209:213:public com.foreveross.cache.CacheManager getCacheManager()
com.lenovo.sdimobileclient.R:
    10:10:public R()
com.lenovo.sdimobileclient.R$anim
com.lenovo.sdimobileclient.R$array
com.lenovo.sdimobileclient.R$attr
com.lenovo.sdimobileclient.R$bool
com.lenovo.sdimobileclient.R$color
com.lenovo.sdimobileclient.R$dimen
com.lenovo.sdimobileclient.R$drawable
com.lenovo.sdimobileclient.R$id
com.lenovo.sdimobileclient.R$integer
com.lenovo.sdimobileclient.R$layout
com.lenovo.sdimobileclient.R$menu
com.lenovo.sdimobileclient.R$raw
com.lenovo.sdimobileclient.R$string
com.lenovo.sdimobileclient.R$style
com.lenovo.sdimobileclient.R$styleable:
    1811:1811:public R$styleable()
com.lenovo.sdimobileclient.R$xml
com.lenovo.sdimobileclient.api.AbsApiData:
    117:121:protected boolean isUrl(java.lang.String)
com.lenovo.sdimobileclient.api.Alert
com.lenovo.sdimobileclient.api.BorrowOrderInfo:
    public int BID
    public java.lang.String MaterialNo
com.lenovo.sdimobileclient.api.CacheResult
com.lenovo.sdimobileclient.api.CacheResult$BinaryResult
com.lenovo.sdimobileclient.api.CacheResult$ImageResult
com.lenovo.sdimobileclient.api.CacheResult$WebViewResult
com.lenovo.sdimobileclient.api.Change:
    public java.lang.String ESDMaterialNo
    public java.lang.String StatusDesc
com.lenovo.sdimobileclient.api.ChangeHistory:
    public java.lang.String ChangeRecID
    public java.lang.String StatusDesc
    public java.lang.String SwapCategoryDesc
com.lenovo.sdimobileclient.api.Customer
com.lenovo.sdimobileclient.api.CustomerPhone:
    public java.lang.String Type
com.lenovo.sdimobileclient.api.EnginnerInfo:
    public java.lang.String EngineerName
com.lenovo.sdimobileclient.api.Error:
    public static final java.lang.String ERROR_NETWORK
    public static final java.lang.String ERROR_UNKNOW
    public static final java.lang.String ERROR_ACCOUNT_FAILED
com.lenovo.sdimobileclient.api.FailureInfo
com.lenovo.sdimobileclient.api.Image
com.lenovo.sdimobileclient.api.Image$1
com.lenovo.sdimobileclient.api.JsonDataFactory:
    static final java.lang.String LOG_TAG
    14:14:public JsonDataFactory()
    122:139:public static java.util.ArrayList getDataArray(java.lang.Class,org.json.JSONArray)
    143:150:public static com.lenovo.sdimobileclient.api.RootData getData(org.json.JSONObject)
    154:154:public static com.lenovo.sdimobileclient.api.RootData getDataOrThrow(org.json.JSONObject)
com.lenovo.sdimobileclient.api.KnowledgeInfo:
    public java.lang.String KnowledgeURL
com.lenovo.sdimobileclient.api.Machine:
    public java.lang.String BuyDate
com.lenovo.sdimobileclient.api.Material:
    14:16:public Material(java.lang.String)
com.lenovo.sdimobileclient.api.MaterialMap
com.lenovo.sdimobileclient.api.Menu
com.lenovo.sdimobileclient.api.OrderCounts:
    public int Uncontact
    public int Undoor
    public int Dooring
    public int ToBeFinished
    public int Finish
com.lenovo.sdimobileclient.api.OrderInfo:
    public java.lang.String OrderTypeID
    public java.lang.String FaultDescription
    public java.util.List SOListHist
    public java.lang.String IsVIP
    public java.lang.String CustomerEmail
    139:152:public OrderInfo(org.json.JSONObject)
com.lenovo.sdimobileclient.api.OrderOperations:
    public boolean Attachment_Normal_Delete
    public boolean Attachment_Normal_View
    public boolean Reservation_Subscribe_Add
    public boolean Task_Approve
    public boolean Task_ServiceComplete
    34:47:public OrderOperations(java.lang.String)
com.lenovo.sdimobileclient.api.OrderTask:
    public java.lang.String TaskID
...
android.support.v4.view.MenuItemCompatHoneycomb
android.support.v4.view.MenuItemCompatIcs
android.support.v4.view.MenuItemCompatIcs$OnActionExpandListenerWrapper
android.support.v4.view.MenuItemCompatIcs$SupportActionExpandProxy
android.support.v4.view.MotionEventCompat:
    public static final int ACTION_MASK
    public static final int ACTION_POINTER_DOWN
    public static final int ACTION_POINTER_UP
    public static final int ACTION_HOVER_MOVE
    public static final int ACTION_SCROLL
    public static final int ACTION_POINTER_INDEX_MASK
    public static final int ACTION_POINTER_INDEX_SHIFT
    public static final int ACTION_HOVER_ENTER
    public static final int ACTION_HOVER_EXIT
    25:80:public MotionEventCompat()
android.support.v4.view.MotionEventCompatEclair:
    24:24:MotionEventCompatEclair()
android.support.v4.view.PagerAdapter:
    public static final int POSITION_UNCHANGED
    public static final int POSITION_NONE
android.support.v4.view.PagerTabStrip
android.support.v4.view.PagerTabStrip$1
android.support.v4.view.PagerTabStrip$2
android.support.v4.view.PagerTitleStrip
android.support.v4.view.PagerTitleStrip$1
android.support.v4.view.PagerTitleStrip$PageListener
android.support.v4.view.PagerTitleStrip$PagerTitleStripImpl
android.support.v4.view.PagerTitleStrip$PagerTitleStripImplBase
android.support.v4.view.PagerTitleStrip$PagerTitleStripImplIcs
android.support.v4.view.PagerTitleStripIcs
android.support.v4.view.PagerTitleStripIcs$SingleLineAllCapsTransform
android.support.v4.view.ScaleGestureDetectorCompat
android.support.v4.view.ScaleGestureDetectorCompat$1
android.support.v4.view.ScaleGestureDetectorCompat$BaseScaleGestureDetectorImpl
android.support.v4.view.ScaleGestureDetectorCompat$ScaleGestureDetectorCompatKitKatImpl
android.support.v4.view.ScaleGestureDetectorCompat$ScaleGestureDetectorImpl
android.support.v4.view.ScaleGestureDetectorCompatKitKat
android.support.v4.view.VelocityTrackerCompat:
    25:51:public VelocityTrackerCompat()
android.support.v4.view.VelocityTrackerCompatHoneycomb:
    24:24:VelocityTrackerCompatHoneycomb()
android.support.v4.view.ViewCompat:
    public static final int OVER_SCROLL_ALWAYS
    public static final int OVER_SCROLL_IF_CONTENT_SCROLLS
    public static final int OVER_SCROLL_NEVER
    private static final long FAKE_FRAME_TIME
    public static final int IMPORTANT_FOR_ACCESSIBILITY_AUTO
    public static final int IMPORTANT_FOR_ACCESSIBILITY_YES
    public static final int IMPORTANT_FOR_ACCESSIBILITY_NO
    public static final int IMPORTANT_FOR_ACCESSIBILITY_NO_HIDE_DESCENDANTS
    public static final int ACCESSIBILITY_LIVE_REGION_NONE
    public static final int ACCESSIBILITY_LIVE_REGION_POLITE
    public static final int ACCESSIBILITY_LIVE_REGION_ASSERTIVE
    public static final int LAYER_TYPE_NONE
    public static final int LAYER_TYPE_SOFTWARE
    public static final int LAYER_TYPE_HARDWARE
    public static final int LAYOUT_DIRECTION_LTR
    public static final int LAYOUT_DIRECTION_RTL
    public static final int LAYOUT_DIRECTION_INHERIT
    public static final int LAYOUT_DIRECTION_LOCALE
    public static final int MEASURED_SIZE_MASK
    public static final int MEASURED_STATE_MASK
    public static final int MEASURED_HEIGHT_STATE_SHIFT
    public static final int MEASURED_STATE_TOO_SMALL
    34:534:public ViewCompat()
    585:585:public static boolean canScrollVertically(android.view.View,int)
    614:615:public static void setOverScrollMode(android.view.View,int)